#-----------------------------------------------------------
# Vivado v2018.3 (64-bit)
# SW Build 2405991 on Thu Dec  6 23:38:27 MST 2018
# IP Build 2404404 on Fri Dec  7 01:43:56 MST 2018
# Start of session at: Tue Nov 19 12:10:32 2024
# Process ID: 10628
# Current directory: D:/Repo/GitHub/HomeworkWHU/Vivado/project_Rect
# Command line: vivado.exe -gui_launcher_event rodinguilauncherevent6960 D:\Repo\GitHub\HomeworkWHU\Vivado\project_Rect\project_Rect.xpr
# Log file: D:/Repo/GitHub/HomeworkWHU/Vivado/project_Rect/vivado.log
# Journal file: D:/Repo/GitHub/HomeworkWHU/Vivado/project_Rect\vivado.jou
#-----------------------------------------------------------
start_gui
open_project D:/Repo/GitHub/HomeworkWHU/Vivado/project_Rect/project_Rect.xpr
INFO: [Project 1-313] Project file moved from 'F:/VIVADO_Project/project_Rect' since last save.
CRITICAL WARNING: [Project 1-311] Could not find the file 'D:/Repo/GitHub/HomeworkWHU/Vivado/icf.xdc', nor could it be found using path 'F:/VIVADO_Project/icf.xdc'.
Scanning sources...
Finished scanning sources
WARNING: [filemgmt 56-2] IPUserFilesDir: Could not find the directory 'D:/Repo/GitHub/HomeworkWHU/Vivado/project_Rect/project_Rect.ip_user_files', nor could it be found using path 'F:/VIVADO_Project/project_Rect/project_Rect.ip_user_files'.
INFO: [IP_Flow 19-234] Refreshing IP repositories
INFO: [IP_Flow 19-1704] No user IP repositories specified
INFO: [IP_Flow 19-2313] Loaded Vivado IP repository 'D:/Xilinx/Vivado/2018.3/data/ip'.
update_compile_order -fileset sources_1
exit
INFO: [Common 17-206] Exiting Vivado at Tue Nov 19 12:11:01 2024...
